mode: atomic
github.com/cdzombak/gmail-uptimekuma-alert-cleaner/config.go:23.52,27.55 2 0
github.com/cdzombak/gmail-uptimekuma-alert-cleaner/config.go:27.55,32.3 1 0
github.com/cdzombak/gmail-uptimekuma-alert-cleaner/config.go:35.2,36.16 2 0
github.com/cdzombak/gmail-uptimekuma-alert-cleaner/config.go:36.16,38.3 1 0
github.com/cdzombak/gmail-uptimekuma-alert-cleaner/config.go:41.2,42.50 2 0
github.com/cdzombak/gmail-uptimekuma-alert-cleaner/config.go:42.50,44.3 1 0
github.com/cdzombak/gmail-uptimekuma-alert-cleaner/config.go:47.2,47.25 1 0
github.com/cdzombak/gmail-uptimekuma-alert-cleaner/config.go:47.25,49.3 1 0
github.com/cdzombak/gmail-uptimekuma-alert-cleaner/config.go:51.2,52.16 2 0
github.com/cdzombak/gmail-uptimekuma-alert-cleaner/config.go:52.16,54.3 1 0
github.com/cdzombak/gmail-uptimekuma-alert-cleaner/config.go:56.2,56.21 1 0
github.com/cdzombak/gmail-uptimekuma-alert-cleaner/config.go:56.21,58.3 1 0
github.com/cdzombak/gmail-uptimekuma-alert-cleaner/config.go:60.2,62.8 1 0
github.com/cdzombak/gmail-uptimekuma-alert-cleaner/gmail_auth.go:20.36,22.16 2 0
github.com/cdzombak/gmail-uptimekuma-alert-cleaner/gmail_auth.go:22.16,25.3 2 0
github.com/cdzombak/gmail-uptimekuma-alert-cleaner/gmail_auth.go:26.2,26.13 1 0
github.com/cdzombak/gmail-uptimekuma-alert-cleaner/gmail_auth.go:29.50,33.16 4 0
github.com/cdzombak/gmail-uptimekuma-alert-cleaner/gmail_auth.go:33.16,35.3 1 0
github.com/cdzombak/gmail-uptimekuma-alert-cleaner/gmail_auth.go:36.2,38.16 3 0
github.com/cdzombak/gmail-uptimekuma-alert-cleaner/gmail_auth.go:38.16,40.3 1 0
github.com/cdzombak/gmail-uptimekuma-alert-cleaner/gmail_auth.go:41.2,43.16 3 0
github.com/cdzombak/gmail-uptimekuma-alert-cleaner/gmail_auth.go:43.16,45.3 1 0
github.com/cdzombak/gmail-uptimekuma-alert-cleaner/gmail_auth.go:46.2,46.17 1 0
github.com/cdzombak/gmail-uptimekuma-alert-cleaner/gmail_auth.go:50.52,56.16 4 0
github.com/cdzombak/gmail-uptimekuma-alert-cleaner/gmail_auth.go:56.16,59.3 2 0
github.com/cdzombak/gmail-uptimekuma-alert-cleaner/gmail_auth.go:60.2,60.49 1 0
github.com/cdzombak/gmail-uptimekuma-alert-cleaner/gmail_auth.go:64.59,70.47 4 0
github.com/cdzombak/gmail-uptimekuma-alert-cleaner/gmail_auth.go:70.47,73.3 2 0
github.com/cdzombak/gmail-uptimekuma-alert-cleaner/gmail_auth.go:75.2,76.16 2 0
github.com/cdzombak/gmail-uptimekuma-alert-cleaner/gmail_auth.go:76.16,79.3 2 0
github.com/cdzombak/gmail-uptimekuma-alert-cleaner/gmail_auth.go:80.2,80.12 1 0
github.com/cdzombak/gmail-uptimekuma-alert-cleaner/gmail_auth.go:84.56,86.16 2 0
github.com/cdzombak/gmail-uptimekuma-alert-cleaner/gmail_auth.go:86.16,88.3 1 0
github.com/cdzombak/gmail-uptimekuma-alert-cleaner/gmail_auth.go:89.2,89.15 1 0
github.com/cdzombak/gmail-uptimekuma-alert-cleaner/gmail_auth.go:89.15,89.32 1 0
github.com/cdzombak/gmail-uptimekuma-alert-cleaner/gmail_auth.go:90.2,92.17 3 0
github.com/cdzombak/gmail-uptimekuma-alert-cleaner/gmail_auth.go:96.50,99.16 3 0
github.com/cdzombak/gmail-uptimekuma-alert-cleaner/gmail_auth.go:99.16,102.3 2 0
github.com/cdzombak/gmail-uptimekuma-alert-cleaner/gmail_auth.go:103.2,103.15 1 0
github.com/cdzombak/gmail-uptimekuma-alert-cleaner/gmail_auth.go:103.15,103.32 1 0
github.com/cdzombak/gmail-uptimekuma-alert-cleaner/gmail_auth.go:104.2,104.56 1 0
github.com/cdzombak/gmail-uptimekuma-alert-cleaner/gmail_auth.go:104.56,107.3 2 0
github.com/cdzombak/gmail-uptimekuma-alert-cleaner/gmail_help.go:11.66,12.44 1 0
github.com/cdzombak/gmail-uptimekuma-alert-cleaner/gmail_help.go:12.44,13.44 1 0
github.com/cdzombak/gmail-uptimekuma-alert-cleaner/gmail_help.go:13.44,15.4 1 0
github.com/cdzombak/gmail-uptimekuma-alert-cleaner/gmail_help.go:17.2,17.11 1 0
github.com/cdzombak/gmail-uptimekuma-alert-cleaner/gmail_help.go:21.67,26.2 3 0
github.com/cdzombak/gmail-uptimekuma-alert-cleaner/main.go:34.17,37.23 2 0
github.com/cdzombak/gmail-uptimekuma-alert-cleaner/main.go:37.23,40.3 2 0
github.com/cdzombak/gmail-uptimekuma-alert-cleaner/main.go:43.2,44.14 2 0
github.com/cdzombak/gmail-uptimekuma-alert-cleaner/main.go:44.14,46.3 1 0
github.com/cdzombak/gmail-uptimekuma-alert-cleaner/main.go:47.2,53.22 3 0
github.com/cdzombak/gmail-uptimekuma-alert-cleaner/main.go:53.22,55.3 1 0
github.com/cdzombak/gmail-uptimekuma-alert-cleaner/main.go:55.8,55.45 1 0
github.com/cdzombak/gmail-uptimekuma-alert-cleaner/main.go:55.45,58.3 2 0
github.com/cdzombak/gmail-uptimekuma-alert-cleaner/main.go:60.2,65.16 4 0
github.com/cdzombak/gmail-uptimekuma-alert-cleaner/main.go:65.16,68.3 2 0
github.com/cdzombak/gmail-uptimekuma-alert-cleaner/main.go:69.2,74.16 4 0
github.com/cdzombak/gmail-uptimekuma-alert-cleaner/main.go:74.16,77.3 2 0
github.com/cdzombak/gmail-uptimekuma-alert-cleaner/main.go:80.2,92.76 8 0
github.com/cdzombak/gmail-uptimekuma-alert-cleaner/main.go:92.76,93.41 1 0
github.com/cdzombak/gmail-uptimekuma-alert-cleaner/main.go:93.41,96.18 2 0
github.com/cdzombak/gmail-uptimekuma-alert-cleaner/main.go:96.18,98.5 1 0
github.com/cdzombak/gmail-uptimekuma-alert-cleaner/main.go:99.4,99.50 1 0
github.com/cdzombak/gmail-uptimekuma-alert-cleaner/main.go:101.3,101.13 1 0
github.com/cdzombak/gmail-uptimekuma-alert-cleaner/main.go:102.17,105.3 2 0
github.com/cdzombak/gmail-uptimekuma-alert-cleaner/main.go:107.2,111.41 3 0
github.com/cdzombak/gmail-uptimekuma-alert-cleaner/main.go:111.41,113.17 2 0
github.com/cdzombak/gmail-uptimekuma-alert-cleaner/main.go:113.17,115.12 2 0
github.com/cdzombak/gmail-uptimekuma-alert-cleaner/main.go:117.3,117.35 1 0
github.com/cdzombak/gmail-uptimekuma-alert-cleaner/main.go:120.2,123.43 2 0
github.com/cdzombak/gmail-uptimekuma-alert-cleaner/main.go:123.43,125.3 1 0
github.com/cdzombak/gmail-uptimekuma-alert-cleaner/main.go:128.2,131.21 3 0
github.com/cdzombak/gmail-uptimekuma-alert-cleaner/main.go:131.21,134.3 2 0
github.com/cdzombak/gmail-uptimekuma-alert-cleaner/main.go:137.2,137.13 1 0
github.com/cdzombak/gmail-uptimekuma-alert-cleaner/main.go:137.13,139.30 2 0
github.com/cdzombak/gmail-uptimekuma-alert-cleaner/main.go:139.30,144.4 4 0
github.com/cdzombak/gmail-uptimekuma-alert-cleaner/main.go:145.3,145.76 1 0
github.com/cdzombak/gmail-uptimekuma-alert-cleaner/main.go:146.8,148.30 2 0
github.com/cdzombak/gmail-uptimekuma-alert-cleaner/main.go:148.30,150.69 1 0
github.com/cdzombak/gmail-uptimekuma-alert-cleaner/main.go:150.69,157.19 3 0
github.com/cdzombak/gmail-uptimekuma-alert-cleaner/main.go:157.19,160.6 2 0
github.com/cdzombak/gmail-uptimekuma-alert-cleaner/main.go:162.5,162.97 1 0
github.com/cdzombak/gmail-uptimekuma-alert-cleaner/main.go:165.3,165.100 1 0
github.com/cdzombak/gmail-uptimekuma-alert-cleaner/main.go:168.2,168.28 1 0
github.com/cdzombak/gmail-uptimekuma-alert-cleaner/main.go:171.13,174.2 2 0
github.com/cdzombak/gmail-uptimekuma-alert-cleaner/message.go:29.85,37.47 2 5
github.com/cdzombak/gmail-uptimekuma-alert-cleaner/message.go:37.47,40.3 2 3
github.com/cdzombak/gmail-uptimekuma-alert-cleaner/message.go:40.8,40.51 1 2
github.com/cdzombak/gmail-uptimekuma-alert-cleaner/message.go:40.51,43.3 2 1
github.com/cdzombak/gmail-uptimekuma-alert-cleaner/message.go:43.8,45.3 1 1
github.com/cdzombak/gmail-uptimekuma-alert-cleaner/message.go:47.2,47.27 1 4
github.com/cdzombak/gmail-uptimekuma-alert-cleaner/message.go:47.27,49.3 1 1
github.com/cdzombak/gmail-uptimekuma-alert-cleaner/message.go:51.2,51.17 1 3
github.com/cdzombak/gmail-uptimekuma-alert-cleaner/pairing.go:17.60,18.24 1 10
github.com/cdzombak/gmail-uptimekuma-alert-cleaner/pairing.go:18.24,20.3 1 1
github.com/cdzombak/gmail-uptimekuma-alert-cleaner/pairing.go:22.2,29.42 4 9
github.com/cdzombak/gmail-uptimekuma-alert-cleaner/pairing.go:29.42,32.21 2 27
github.com/cdzombak/gmail-uptimekuma-alert-cleaner/pairing.go:32.21,33.12 1 0
github.com/cdzombak/gmail-uptimekuma-alert-cleaner/pairing.go:36.3,36.19 1 27
github.com/cdzombak/gmail-uptimekuma-alert-cleaner/pairing.go:37.24,40.37 1 14
github.com/cdzombak/gmail-uptimekuma-alert-cleaner/pairing.go:42.22,44.85 1 13
github.com/cdzombak/gmail-uptimekuma-alert-cleaner/pairing.go:44.85,57.5 4 8
github.com/cdzombak/gmail-uptimekuma-alert-cleaner/pairing.go:61.2,61.14 1 9
